Start testing: Jan 03 14:10 CST
----------------------------------------------------------
1/2 Testing: check
1/2 Test: check
Command: "/home/whimy030/workspace/huffman/run_tests.sh" "--huffcode" "/home/whimy030/workspace/huffman/build/huffcode"
Directory: /home/whimy030/workspace/huffman
"check" start time: Jan 03 14:10 CST
Output:
----------------------------------------------------------
Basic Checks...
compress_test test_data/3_line
compress_test test_data/empty
compress_test test_data/1_byte
compress_test test_data/2_byte_2_symbol
compress_test test_data/2_byte_1_symbol
compress_test test_data/3_byte_1_symbol
compress_test test_data/3_byte_3_symbol
compress_test test_data/128_byte_1_symbol
compress_test test_data/128_byte_2_symbol
Issue 2 Regression Checks...
decompress_test test_data/reported_issues/issue2/id:000000,sig:11,src:000000,op:flip1,pos:0
decompress_test test_data/reported_issues/issue2/id:000001,sig:11,src:000000,op:flip1,pos:3
decompress_test test_data/reported_issues/issue2/id:000002,sig:11,src:000000,op:flip1,pos:3
decompress_test test_data/reported_issues/issue2/id:000003,sig:11,src:000000,op:flip1,pos:9
decompress_test test_data/reported_issues/issue2/id:000004,sig:11,src:000000,op:flip1,pos:9
decompress_test test_data/reported_issues/issue2/id:000005,sig:11,src:000000,op:flip1,pos:21
decompress_test test_data/reported_issues/issue2/id:000006,sig:11,src:000000,op:flip1,pos:39
decompress_test test_data/reported_issues/issue2/id:000007,sig:11,src:000000,op:flip1,pos:133
decompress_test test_data/reported_issues/issue2/id:000008,sig:11,src:000000,op:flip2,pos:9
decompress_test test_data/reported_issues/issue2/id:000009,sig:11,src:000000,op:flip4,pos:106
decompress_test test_data/reported_issues/issue2/id:000010,sig:11,src:000000,op:arith8,pos:9,val:-10
decompress_test test_data/reported_issues/issue2/id:000011,sig:11,src:000000,op:arith8,pos:27,val:+15
decompress_test test_data/reported_issues/issue2/id:000012,sig:11,src:000000,op:arith8,pos:35,val:+29
decompress_test test_data/reported_issues/issue2/id:000013,sig:11,src:000000,op:arith8,pos:136,val:-9
decompress_test test_data/reported_issues/issue2/id:000014,sig:11,src:000000,op:int8,pos:3,val:+0
All Tests Passed
<end of output>
Test time =   0.12 sec
----------------------------------------------------------
Test Passed.
"check" end time: Jan 03 14:10 CST
"check" time elapsed: 00:00:00
----------------------------------------------------------

2/2 Testing: valgrind_check
2/2 Test: valgrind_check
Command: "/home/whimy030/workspace/huffman/run_tests.sh" "--huffcode" "/home/whimy030/workspace/huffman/build/huffcode" "--use-valgrind"
Directory: /home/whimy030/workspace/huffman
"valgrind_check" start time: Jan 03 14:10 CST
Output:
----------------------------------------------------------
Basic Checks...
compress_test test_data/3_line
/home/whimy030/workspace/huffman/run_tests.sh: line 59: valgrind: command not found
FAILURE: huffcode encode failed on test_data/3_line
<end of output>
Test time =   0.23 sec
----------------------------------------------------------
Test Failed.
"valgrind_check" end time: Jan 03 14:10 CST
"valgrind_check" time elapsed: 00:00:00
----------------------------------------------------------

End testing: Jan 03 14:10 CST
